#
# There is insufficient memory for the Java Runtime Environment to continue.
# Native memory allocation (mmap) failed to map 282066944 bytes for committing reserved memory.
# Possible reasons:
#   The system is out of physical RAM or swap space
#   In 32 bit mode, the process size limit was hit
# Possible solutions:
#   Reduce memory load on the system
#   Increase physical memory or swap space
#   Check if swap backing store is full
#   Use 64 bit Java on a 64 bit OS
#   Decrease Java heap size (-Xmx/-Xms)
#   Decrease number of Java threads
#   Decrease Java thread stack sizes (-Xss)
#   Set larger code cache with -XX:ReservedCodeCacheSize=
# This output file may be truncated or incomplete.
#
#  Out of Memory Error (os_linux.cpp:2627), pid=21638, tid=140090890237696
#
# JRE version: Java(TM) SE Runtime Environment (8.0_91-b14) (build 1.8.0_91-b14)
# Java VM: Java HotSpot(TM) 64-Bit Server VM (25.91-b14 mixed mode linux-amd64 compressed oops)
# Failed to write core dump. Core dumps have been disabled. To enable core dumping, try "ulimit -c unlimited" before starting Java again
#

---------------  T H R E A D  ---------------

Current thread (0x00007f69a8080000):  VMThread [stack: 0x00007f6973afb000,0x00007f6973bfc000] [id=21652]

Stack: [0x00007f6973afb000,0x00007f6973bfc000],  sp=0x00007f6973bf9fc0,  free space=1019k
Native frames: (J=compiled Java code, j=interpreted, Vv=VM code, C=native code)
V  [libjvm.so+0xabc18a]  VMError::report_and_die()+0x2ba
V  [libjvm.so+0x4fafeb]  report_vm_out_of_memory(char const*, int, unsigned long, VMErrorType, char const*)+0x8b
V  [libjvm.so+0x91cbb3]  os::Linux::commit_memory_impl(char*, unsigned long, bool)+0x103
V  [libjvm.so+0x91d109]  os::pd_commit_memory(char*, unsigned long, unsigned long, bool)+0x29
V  [libjvm.so+0x91740a]  os::commit_memory(char*, unsigned long, unsigned long, bool)+0x2a
V  [libjvm.so+0x98b033]  PSVirtualSpace::expand_by(unsigned long)+0x53
V  [libjvm.so+0x98c438]  PSYoungGen::resize_generation(unsigned long, unsigned long)+0xf8
V  [libjvm.so+0x98b592]  PSYoungGen::resize(unsigned long, unsigned long)+0x22
V  [libjvm.so+0x98886b]  PSScavenge::invoke_no_policy()+0xf3b
V  [libjvm.so+0x983b15]  PSParallelCompact::invoke(bool)+0x85
V  [libjvm.so+0x482104]  CollectedHeap::collect_as_vm_thread(GCCause::Cause)+0x114
V  [libjvm.so+0xabd601]  VM_CollectForMetadataAllocation::doit()+0x161
V  [libjvm.so+0xac55d5]  VM_Operation::evaluate()+0x55
V  [libjvm.so+0xac39aa]  VMThread::evaluate_operation(VM_Operation*)+0xba
V  [libjvm.so+0xac3d2e]  VMThread::loop()+0x1ce
V  [libjvm.so+0xac41a0]  VMThread::run()+0x70
V  [libjvm.so+0x91ef78]  java_start(Thread*)+0x108

VM_Operation (0x00007f69b16a8970): CollectForMetadataAllocation, mode: safepoint, requested by thread 0x00007f69a800a000


---------------  P R O C E S S  ---------------

Java Threads: ( => current thread )
  0x00007f69a8d2a000 JavaThread "resolver-5" daemon [_thread_blocked, id=21666, stack(0x00007f6971701000,0x00007f6971802000)]
  0x00007f69a8d28800 JavaThread "resolver-4" daemon [_thread_blocked, id=21665, stack(0x00007f6971802000,0x00007f6971903000)]
  0x00007f69a8d3a000 JavaThread "resolver-3" daemon [_thread_blocked, id=21664, stack(0x00007f6971903000,0x00007f6971a04000)]
  0x00007f69a8d60000 JavaThread "resolver-2" daemon [_thread_blocked, id=21663, stack(0x00007f6971a04000,0x00007f6971b05000)]
  0x00007f69a8d5f000 JavaThread "resolver-1" daemon [_thread_blocked, id=21662, stack(0x00007f6971b05000,0x00007f6971c06000)]
  0x00007f69a80d3800 JavaThread "Service Thread" daemon [_thread_blocked, id=21660, stack(0x00007f6972c10000,0x00007f6972d11000)]
  0x00007f69a80c8800 JavaThread "C1 CompilerThread3" daemon [_thread_blocked, id=21659, stack(0x00007f6972d11000,0x00007f6972e12000)]
  0x00007f69a80c6000 JavaThread "C2 CompilerThread2" daemon [_thread_blocked, id=21658, stack(0x00007f6972e12000,0x00007f6972f13000)]
  0x00007f69a80c4800 JavaThread "C2 CompilerThread1" daemon [_thread_in_native, id=21657, stack(0x00007f6972f13000,0x00007f6973014000)]
  0x00007f69a80c1800 JavaThread "C2 CompilerThread0" daemon [_thread_in_native, id=21656, stack(0x00007f6973014000,0x00007f6973115000)]
  0x00007f69a80c0000 JavaThread "Signal Dispatcher" daemon [_thread_blocked, id=21655, stack(0x00007f6973115000,0x00007f6973216000)]
  0x00007f69a808c800 JavaThread "Finalizer" daemon [_thread_blocked, id=21654, stack(0x00007f69738f9000,0x00007f69739fa000)]
  0x00007f69a8088000 JavaThread "Reference Handler" daemon [_thread_blocked, id=21653, stack(0x00007f69739fa000,0x00007f6973afb000)]
  0x00007f69a800a000 JavaThread "main" [_thread_blocked, id=21643, stack(0x00007f69b15ae000,0x00007f69b16af000)]

Other Threads:
=>0x00007f69a8080000 VMThread [stack: 0x00007f6973afb000,0x00007f6973bfc000] [id=21652]
  0x00007f69a80d6800 WatcherThread [stack: 0x00007f6972b0f000,0x00007f6972c10000] [id=21661]

VM state:at safepoint (normal execution)

VM Mutex/Monitor currently owned by a thread:  ([mutex/lock_event])
[0x00007f69a8006490] Threads_lock - owner thread: 0x00007f69a8080000
[0x00007f69a8006990] Heap_lock - owner thread: 0x00007f69a800a000

Heap:
 PSYoungGen      total 270336K, used 16368K [0x00000000d7000000, 0x00000000e8800000, 0x0000000100000000)
  eden space 253952K, 0% used [0x00000000d7000000,0x00000000d7000000,0x00000000e6800000)
  from space 16384K, 99% used [0x00000000e6800000,0x00000000e77fc010,0x00000000e7800000)
  to   space 15872K, 0% used [0x00000000e7880000,0x00000000e7880000,0x00000000e8800000)
 ParOldGen       total 84992K, used 37849K [0x0000000085000000, 0x000000008a300000, 0x00000000d7000000)
  object space 84992K, 44% used [0x0000000085000000,0x00000000874f65b8,0x000000008a300000)
 Metaspace       used 20579K, capacity 21148K, committed 21248K, reserved 1069056K
  class space    used 2344K, capacity 2526K, committed 2560K, reserved 1048576K

Card table byte_map: [0x00007f69adf99000,0x00007f69ae372000] byte_map_base: 0x00007f69adb71000

Marking Bits: (ParMarkBitMap*) 0x00007f69b0a87d60
 Begin Bits: [0x00007f6978280000, 0x00007f697a140000)
 End Bits:   [0x00007f697a140000, 0x00007f697c000000)

Polling page: 0x00007f69b16d0000

CodeCache: size=245760Kb used=13011Kb max_used=13976Kb free=232748Kb
 bounds [0x00007f6999000000, 0x00007f6999de0000, 0x00007f69a8000000]
 total_blobs=4131 nmethods=3781 adapters=263
 compilation: enabled

Compilation events (10 events):
Event: 6.329 Thread 0x00007f69a80c6000 4291       4       com.google.common.collect.Lists::newArrayList (8 bytes)
Event: 6.330 Thread 0x00007f69a80c6000 nmethod 4291 0x00007f69997b8790 code [0x00007f69997b88e0, 0x00007f69997b8998]
Event: 6.330 Thread 0x00007f69a80c6000 4321       4       java.lang.reflect.AccessibleObject::setAccessible (21 bytes)
Event: 6.332 Thread 0x00007f69a80c6000 nmethod 4321 0x00007f69995db9d0 code [0x00007f69995dbb20, 0x00007f69995dbbf8]
Event: 6.332 Thread 0x00007f69a80c6000 4283       4       java.io.ExpiringCache::entryFor (57 bytes)
Event: 6.344 Thread 0x00007f69a80c6000 nmethod 4283 0x00007f699938f190 code [0x00007f699938f320, 0x00007f699938f9f8]
Event: 6.344 Thread 0x00007f69a80c6000 4280       4       java.lang.Integer::equals (29 bytes)
Event: 6.346 Thread 0x00007f69a80c6000 nmethod 4280 0x00007f6999453cd0 code [0x00007f6999453e20, 0x00007f6999453eb8]
Event: 6.353 Thread 0x00007f69a80c8800 4330       3       java.lang.ClassLoader::loadClass (7 bytes)
Event: 6.353 Thread 0x00007f69a80c8800 nmethod 4330 0x00007f699938ed50 code [0x00007f699938eec0, 0x00007f699938f0c8]

GC Heap History (10 events):
Event: 0.798 GC heap after
Heap after GC invocations=2 (full 0):
 PSYoungGen      total 68608K, used 5098K [0x00000000d7000000, 0x00000000db800000, 0x0000000100000000)
  eden space 63488K, 0% used [0x00000000d7000000,0x00000000d7000000,0x00000000dae00000)
  from space 5120K, 99% used [0x00000000db300000,0x00000000db7fa948,0x00000000db800000)
  to   space 5120K, 0% used [0x00000000dae00000,0x00000000dae00000,0x00000000db300000)
 ParOldGen       total 84992K, used 1741K [0x0000000085000000, 0x000000008a300000, 0x00000000d7000000)
  object space 84992K, 2% used [0x0000000085000000,0x00000000851b35d8,0x000000008a300000)
 Metaspace       used 11249K, capacity 11432K, committed 11520K, reserved 1058816K
  class space    used 1413K, capacity 1508K, committed 1536K, reserved 1048576K
}
Event: 1.540 GC heap before
{Heap before GC invocations=3 (full 0):
 PSYoungGen      total 68608K, used 68586K [0x00000000d7000000, 0x00000000db800000, 0x0000000100000000)
  eden space 63488K, 100% used [0x00000000d7000000,0x00000000dae00000,0x00000000dae00000)
  from space 5120K, 99% used [0x00000000db300000,0x00000000db7fa948,0x00000000db800000)
  to   space 5120K, 0% used [0x00000000dae00000,0x00000000dae00000,0x00000000db300000)
 ParOldGen       total 84992K, used 1741K [0x0000000085000000, 0x000000008a300000, 0x00000000d7000000)
  object space 84992K, 2% used [0x0000000085000000,0x00000000851b35d8,0x000000008a300000)
 Metaspace       used 14824K, capacity 15116K, committed 15232K, reserved 1062912K
  class space    used 1789K, capacity 1914K, committed 1920K, reserved 1048576K
Event: 1.553 GC heap after
Heap after GC invocations=3 (full 0):
 PSYoungGen      total 68608K, used 5088K [0x00000000d7000000, 0x00000000df600000, 0x0000000100000000)
  eden space 63488K, 0% used [0x00000000d7000000,0x00000000d7000000,0x00000000dae00000)
  from space 5120K, 99% used [0x00000000dae00000,0x00000000db2f8020,0x00000000db300000)
  to   space 5120K, 0% used [0x00000000df100000,0x00000000df100000,0x00000000df600000)
 ParOldGen       total 84992K, used 5963K [0x0000000085000000, 0x000000008a300000, 0x00000000d7000000)
  object space 84992K, 7% used [0x0000000085000000,0x00000000855d2df0,0x000000008a300000)
 Metaspace       used 14824K, capacity 15116K, committed 15232K, reserved 1062912K
  class space    used 1789K, capacity 1914K, committed 1920K, reserved 1048576K
}
Event: 1.968 GC heap before
{Heap before GC invocations=4 (full 0):
 PSYoungGen      total 68608K, used 68576K [0x00000000d7000000, 0x00000000df600000, 0x0000000100000000)
  eden space 63488K, 100% used [0x00000000d7000000,0x00000000dae00000,0x00000000dae00000)
  from space 5120K, 99% used [0x00000000dae00000,0x00000000db2f8020,0x00000000db300000)
  to   space 5120K, 0% used [0x00000000df100000,0x00000000df100000,0x00000000df600000)
 ParOldGen       total 84992K, used 5963K [0x0000000085000000, 0x000000008a300000, 0x00000000d7000000)
  object space 84992K, 7% used [0x0000000085000000,0x00000000855d2df0,0x000000008a300000)
 Metaspace       used 16766K, capacity 16988K, committed 17280K, reserved 1064960K
  class space    used 2037K, capacity 2150K, committed 2176K, reserved 1048576K
Event: 1.990 GC heap after
Heap after GC invocations=4 (full 0):
 PSYoungGen      total 132096K, used 5088K [0x00000000d7000000, 0x00000000df600000, 0x0000000100000000)
  eden space 126976K, 0% used [0x00000000d7000000,0x00000000d7000000,0x00000000dec00000)
  from space 5120K, 99% used [0x00000000df100000,0x00000000df5f8040,0x00000000df600000)
  to   space 5120K, 0% used [0x00000000dec00000,0x00000000dec00000,0x00000000df100000)
 ParOldGen       total 84992K, used 13415K [0x0000000085000000, 0x000000008a300000, 0x00000000d7000000)
  object space 84992K, 15% used [0x0000000085000000,0x0000000085d19f50,0x000000008a300000)
 Metaspace       used 16766K, capacity 16988K, committed 17280K, reserved 1064960K
  class space    used 2037K, capacity 2150K, committed 2176K, reserved 1048576K
}
Event: 3.963 GC heap before
{Heap before GC invocations=5 (full 0):
 PSYoungGen      total 132096K, used 132064K [0x00000000d7000000, 0x00000000df600000, 0x0000000100000000)
  eden space 126976K, 100% used [0x00000000d7000000,0x00000000dec00000,0x00000000dec00000)
  from space 5120K, 99% used [0x00000000df100000,0x00000000df5f8040,0x00000000df600000)
  to   space 5120K, 0% used [0x00000000dec00000,0x00000000dec00000,0x00000000df100000)
 ParOldGen       total 84992K, used 13415K [0x0000000085000000, 0x000000008a300000, 0x00000000d7000000)
  object space 84992K, 15% used [0x0000000085000000,0x0000000085d19f50,0x000000008a300000)
 Metaspace       used 18726K, capacity 19210K, committed 19584K, reserved 1067008K
  class space    used 2193K, capacity 2333K, committed 2432K, reserved 1048576K
Event: 3.985 GC heap after
Heap after GC invocations=5 (full 0):
 PSYoungGen      total 132096K, used 5120K [0x00000000d7000000, 0x00000000e8900000, 0x0000000100000000)
  eden space 126976K, 0% used [0x00000000d7000000,0x00000000d7000000,0x00000000dec00000)
  from space 5120K, 100% used [0x00000000dec00000,0x00000000df100000,0x00000000df100000)
  to   space 16896K, 0% used [0x00000000e7880000,0x00000000e7880000,0x00000000e8900000)
 ParOldGen       total 84992K, used 22083K [0x0000000085000000, 0x000000008a300000, 0x00000000d7000000)
  object space 84992K, 25% used [0x0000000085000000,0x0000000086590fb0,0x000000008a300000)
 Metaspace       used 18726K, capacity 19210K, committed 19584K, reserved 1067008K
  class space    used 2193K, capacity 2333K, committed 2432K, reserved 1048576K
}
Event: 4.648 GC heap before
{Heap before GC invocations=6 (full 0):
 PSYoungGen      total 132096K, used 132096K [0x00000000d7000000, 0x00000000e8900000, 0x0000000100000000)
  eden space 126976K, 100% used [0x00000000d7000000,0x00000000dec00000,0x00000000dec00000)
  from space 5120K, 100% used [0x00000000dec00000,0x00000000df100000,0x00000000df100000)
  to   space 16896K, 0% used [0x00000000e7880000,0x00000000e7880000,0x00000000e8900000)
 ParOldGen       total 84992K, used 22083K [0x0000000085000000, 0x000000008a300000, 0x00000000d7000000)
  object space 84992K, 25% used [0x0000000085000000,0x0000000086590fb0,0x000000008a300000)
 Metaspace       used 18922K, capacity 19408K, committed 19840K, reserved 1067008K
  class space    used 2195K, capacity 2334K, committed 2432K, reserved 1048576K
Event: 4.665 GC heap after
Heap after GC invocations=6 (full 0):
 PSYoungGen      total 269824K, used 6992K [0x00000000d7000000, 0x00000000e8800000, 0x0000000100000000)
  eden space 253952K, 0% used [0x00000000d7000000,0x00000000d7000000,0x00000000e6800000)
  from space 15872K, 44% used [0x00000000e7880000,0x00000000e7f54010,0x00000000e8800000)
  to   space 16384K, 0% used [0x00000000e6800000,0x00000000e6800000,0x00000000e7800000)
 ParOldGen       total 84992K, used 22083K [0x0000000085000000, 0x000000008a300000, 0x00000000d7000000)
  object space 84992K, 25% used [0x0000000085000000,0x0000000086590fb0,0x000000008a300000)
 Metaspace       used 18922K, capacity 19408K, committed 19840K, reserved 1067008K
  class space    used 2195K, capacity 2334K, committed 2432K, reserved 1048576K
}
Event: 6.356 GC heap before
{Heap before GC invocations=7 (full 0):
 PSYoungGen      total 269824K, used 187090K [0x00000000d7000000, 0x00000000e8800000, 0x0000000100000000)
  eden space 253952K, 70% used [0x00000000d7000000,0x00000000e1fe0bc8,0x00000000e6800000)
  from space 15872K, 44% used [0x00000000e7880000,0x00000000e7f54010,0x00000000e8800000)
  to   space 16384K, 0% used [0x00000000e6800000,0x00000000e6800000,0x00000000e7800000)
 ParOldGen       total 84992K, used 22083K [0x0000000085000000, 0x000000008a300000, 0x00000000d7000000)
  object space 84992K, 25% used [0x0000000085000000,0x0000000086590fb0,0x000000008a300000)
 Metaspace       used 20579K, capacity 21148K, committed 21248K, reserved 1069056K
  class space    used 2344K, capacity 2526K, committed 2560K, reserved 1048576K

Deoptimization events (10 events):
Event: 2.556 Thread 0x00007f69a800a000 Uncommon trap: reason=speculate_class_check action=maybe_recompile pc=0x00007f69999a5cf0 method=java.nio.charset.CharsetDecoder.decode(Ljava/nio/ByteBuffer;Ljava/nio/CharBuffer;Z)Ljava/nio/charset/CoderResult; @ 57
Event: 2.556 Thread 0x00007f69a800a000 Uncommon trap: reason=speculate_class_check action=maybe_recompile pc=0x00007f69999a5cf0 method=java.nio.charset.CharsetDecoder.decode(Ljava/nio/ByteBuffer;Ljava/nio/CharBuffer;Z)Ljava/nio/charset/CoderResult; @ 57
Event: 3.493 Thread 0x00007f69a800a000 Uncommon trap: reason=unstable_if action=reinterpret pc=0x00007f69996466a4 method=java.util.Hashtable$Enumerator.nextElement()Ljava/lang/Object; @ 87
Event: 3.560 Thread 0x00007f69a800a000 Uncommon trap: reason=null_check action=make_not_entrant pc=0x00007f699980cd38 method=org.apache.maven.model.io.xpp3.MavenXpp3ReaderEx.checkFieldWithDuplicate(Lorg/codehaus/plexus/util/xml/pull/XmlPullParser;Ljava/lang/String;Ljava/lang/String;Ljava/util/
Event: 3.567 Thread 0x00007f69a800a000 Uncommon trap: reason=null_check action=make_not_entrant pc=0x00007f6999a7d0a4 method=org.apache.maven.model.ConfigurationContainer.getLocation(Ljava/lang/Object;)Lorg/apache/maven/model/InputLocation; @ 17
Event: 4.743 Thread 0x00007f69a8d3a000 Uncommon trap: reason=null_check action=make_not_entrant pc=0x00007f6999d68764 method=java.lang.StringCoding.deref(Ljava/lang/ThreadLocal;)Ljava/lang/Object; @ 4
Event: 4.743 Thread 0x00007f69a8d28800 Uncommon trap: reason=null_check action=make_not_entrant pc=0x00007f6999d68764 method=java.lang.StringCoding.deref(Ljava/lang/ThreadLocal;)Ljava/lang/Object; @ 4
Event: 4.743 Thread 0x00007f69a8d2a000 Uncommon trap: reason=null_check action=make_not_entrant pc=0x00007f6999ae17c8 method=java.lang.StringCoding.deref(Ljava/lang/ThreadLocal;)Ljava/lang/Object; @ 4
Event: 4.743 Thread 0x00007f69a8d2a000 Uncommon trap: reason=unstable_if action=reinterpret pc=0x00007f699938abc8 method=java.util.concurrent.ConcurrentHashMap.addCount(JI)V @ 34
Event: 5.372 Thread 0x00007f69a800a000 Uncommon trap: reason=unstable_if action=reinterpret pc=0x00007f6999d546cc method=java.lang.Integer.parseInt(Ljava/lang/String;I)I @ 251

Internal exceptions (10 events):
Event: 1.203 Thread 0x00007f69a800a000 Implicit null exception at 0x00007f6999594c33 to 0x00007f69995955d1
Event: 1.684 Thread 0x00007f69a800a000 Exception <a 'java/lang/NoClassDefFoundError': org/sonatype/aether/graph/Dependency> (0x00000000d7cc9cb0) thrown at [/HUDSON/workspace/8-2-build-linux-amd64/jdk8u91/6644/hotspot/src/share/vm/classfile/systemDictionary.cpp, line 199]
Event: 1.818 Thread 0x00007f69a800a000 Implicit null exception at 0x00007f69993c0c75 to 0x00007f69993c0e59
Event: 2.056 Thread 0x00007f69a800a000 Implicit null exception at 0x00007f69993604fb to 0x00007f6999360afd
Event: 3.560 Thread 0x00007f69a800a000 Implicit null exception at 0x00007f699980c1f9 to 0x00007f699980cd25
Event: 3.567 Thread 0x00007f69a800a000 Implicit null exception at 0x00007f6999a79dac to 0x00007f6999a7d071
Event: 4.743 Thread 0x00007f69a8d3a000 Implicit null exception at 0x00007f6999d6820d to 0x00007f6999d6874d
Event: 4.743 Thread 0x00007f69a8d28800 Implicit null exception at 0x00007f6999d6820d to 0x00007f6999d6874d
Event: 4.743 Thread 0x00007f69a8d2a000 Implicit null exception at 0x00007f6999ae129f to 0x00007f6999ae17b1
Event: 6.298 Thread 0x00007f69a800a000 Exception <a 'java/lang/ClassNotFoundException': com/sun/tools/javac/api/JavacTool> (0x00000000e1e82df8) thrown at [/HUDSON/workspace/8-2-build-linux-amd64/jdk8u91/6644/hotspot/src/share/vm/classfile/systemDictionary.cpp, line 210]

Events (10 events):
Event: 6.354 loading class com/sun/tools/javac/file/RelativePath$RelativeDirectory done
Event: 6.354 loading class com/sun/tools/javac/file/ZipFileIndex$ZipFormatException
Event: 6.354 loading class com/sun/tools/javac/file/ZipFileIndex$ZipFormatException done
Event: 6.355 loading class com/sun/tools/javac/file/JavacFileManager$Archive
Event: 6.355 loading class com/sun/tools/javac/file/JavacFileManager$Archive done
Event: 6.355 loading class javax/tools/JavaFileObject$Kind
Event: 6.355 loading class javax/tools/JavaFileObject$Kind done
Event: 6.356 loading class com/sun/tools/javac/main/Option
Event: 6.356 loading class com/sun/tools/javac/main/Option done
Event: 6.356 Executing VM operation: CollectForMetadataAllocation


Dynamic libraries:
00400000-00401000 r-xp 00000000 08:09 1584975                            /usr/lib/jvm/java-8-oracle/bin/java
00600000-00601000 rw-p 00000000 08:09 1584975                            /usr/lib/jvm/java-8-oracle/bin/java
01d4e000-01d6f000 rw-p 00000000 00:00 0                                  [heap]
85000000-8a300000 rw-p 00000000 00:00 0 
8a300000-d7000000 ---p 00000000 00:00 0 
d7000000-e8800000 rw-p 00000000 00:00 0 
f9500000-100000000 ---p 00000000 00:00 0 
100000000-100280000 rw-p 00000000 00:00 0 
100280000-140000000 ---p 00000000 00:00 0 
7f6934000000-7f6934021000 rw-p 00000000 00:00 0 
7f6934021000-7f6938000000 ---p 00000000 00:00 0 
7f6938000000-7f6938021000 rw-p 00000000 00:00 0 
7f6938021000-7f693c000000 ---p 00000000 00:00 0 
7f693c000000-7f693c021000 rw-p 00000000 00:00 0 
7f693c021000-7f6940000000 ---p 00000000 00:00 0 
7f6940000000-7f6940021000 rw-p 00000000 00:00 0 
7f6940021000-7f6944000000 ---p 00000000 00:00 0 
7f6944000000-7f6944021000 rw-p 00000000 00:00 0 
7f6944021000-7f6948000000 ---p 00000000 00:00 0 
7f6948000000-7f6948021000 rw-p 00000000 00:00 0 
7f6948021000-7f694c000000 ---p 00000000 00:00 0 
7f694c000000-7f694d326000 rw-p 00000000 00:00 0 
7f694d326000-7f6950000000 ---p 00000000 00:00 0 
7f6950000000-7f6950021000 rw-p 00000000 00:00 0 
7f6950021000-7f6954000000 ---p 00000000 00:00 0 
7f6954000000-7f6954e66000 rw-p 00000000 00:00 0 
7f6954e66000-7f6958000000 ---p 00000000 00:00 0 
7f6958000000-7f6959953000 rw-p 00000000 00:00 0 
7f6959953000-7f695c000000 ---p 00000000 00:00 0 
7f695c000000-7f695c021000 rw-p 00000000 00:00 0 
7f695c021000-7f6960000000 ---p 00000000 00:00 0 
7f6960000000-7f6961758000 rw-p 00000000 00:00 0 
7f6961758000-7f6964000000 ---p 00000000 00:00 0 
7f6964000000-7f6964021000 rw-p 00000000 00:00 0 
7f6964021000-7f6968000000 ---p 00000000 00:00 0 
7f6968000000-7f6968021000 rw-p 00000000 00:00 0 
7f6968021000-7f696c000000 ---p 00000000 00:00 0 
7f696c000000-7f696c28c000 rw-p 00000000 00:00 0 
7f696c28c000-7f6970000000 ---p 00000000 00:00 0 
7f6971488000-7f6971501000 r--s 010e3000 08:09 1584908                    /usr/lib/jvm/java-8-oracle/lib/tools.jar
7f6971501000-7f6971541000 rw-p 00000000 00:00 0 
7f6971541000-7f6971701000 ---p 00000000 00:00 0 
7f6971701000-7f6971704000 ---p 00000000 00:00 0 
7f6971704000-7f6971802000 rw-p 00000000 00:00 0                          [stack:21666]
7f6971802000-7f6971805000 ---p 00000000 00:00 0 
7f6971805000-7f6971903000 rw-p 00000000 00:00 0                          [stack:21665]
7f6971903000-7f6971906000 ---p 00000000 00:00 0 
7f6971906000-7f6971a04000 rw-p 00000000 00:00 0                          [stack:21664]
7f6971a04000-7f6971a07000 ---p 00000000 00:00 0 
7f6971a07000-7f6971b05000 rw-p 00000000 00:00 0                          [stack:21663]
7f6971b05000-7f6971b08000 ---p 00000000 00:00 0 
7f6971b08000-7f6971c06000 rw-p 00000000 00:00 0                          [stack:21662]
7f6971c06000-7f6971c0a000 r--s 00034000 08:09 788981                     /home/maanadev/.m2/repository/org/codehaus/plexus/plexus-utils/3.0/plexus-utils-3.0.jar
7f6971c0a000-7f6971c0c000 r--s 00005000 08:09 168236                     /home/maanadev/.m2/repository/org/apache/maven/plugins/maven-clean-plugin/2.5/maven-clean-plugin-2.5.jar
7f6971c3d000-7f6971c3e000 rw-p 00000000 00:00 0 
7f6971c3e000-7f6971c41000 r--s 0001b000 08:09 168625                     /home/maanadev/.m2/repository/junit/junit/3.8.2/junit-3.8.2.jar
7f6971c41000-7f6971c4f000 r--s 0008f000 08:09 788286                     /home/maanadev/.m2/repository/com/google/collections/google-collections/1.0/google-collections-1.0.jar
7f6971c4f000-7f6971c50000 r--s 0000a000 08:09 788284                     /home/maanadev/.m2/repository/commons-logging/commons-logging-api/1.1/commons-logging-api-1.1.jar
7f6971c50000-7f6971c57000 r--s 00051000 08:09 788282                     /home/maanadev/.m2/repository/log4j/log4j/1.2.12/log4j-1.2.12.jar
7f6971c57000-7f6971c5b000 r--s 0001d000 08:09 2372651                    /home/maanadev/.m2/repository/org/apache/xbean/xbean-reflect/3.4/xbean-reflect-3.4.jar
7f6971c5b000-7f6971c5c000 r--s 00004000 08:09 793223                     /home/maanadev/.m2/repository/org/codehaus/plexus/plexus-compiler-javac/2.4/plexus-compiler-javac-2.4.jar
7f6971c5c000-7f6971c5e000 r--s 00000000 08:09 793221                     /home/maanadev/.m2/repository/org/codehaus/plexus/plexus-compiler-manager/2.4/plexus-compiler-manager-2.4.jar
7f6971c5e000-7f6971c60000 r--s 00005000 08:09 793219                     /home/maanadev/.m2/repository/org/codehaus/plexus/plexus-compiler-api/2.4/plexus-compiler-api-2.4.jar
7f6971c60000-7f6971c62000 r--s 00002000 08:09 788270                     /home/maanadev/.m2/repository/org/apache/maven/shared/maven-shared-incremental/1.1/maven-shared-incremental-1.1.jar
7f6971c62000-7f6971c65000 r--s 00023000 08:09 788266                     /home/maanadev/.m2/repository/org/apache/maven/shared/maven-shared-utils/0.1/maven-shared-utils-0.1.jar
7f6971c65000-7f6971c69000 r--s 00030000 08:09 399616                     /home/maanadev/.m2/repository/org/codehaus/plexus/plexus-utils/1.5.1/plexus-utils-1.5.1.jar
7f6971c69000-7f6971c6b000 r--s 0000a000 08:09 274182                     /home/maanadev/.m2/repository/org/apache/maven/plugins/maven-compiler-plugin/3.2/maven-compiler-plugin-3.2.jar
7f6971c6b000-7f6971c6e000 r--s 0000d000 08:09 1185260                    /home/maanadev/.m2/repository/org/codehaus/plexus/plexus-interpolation/1.19/plexus-interpolation-1.19.jar
7f6971c6e000-7f6971c70000 r--s 00006000 08:09 788268                     /home/maanadev/.m2/repository/com/google/code/findbugs/jsr305/2.0.1/jsr305-2.0.1.jar
7f6971c70000-7f6971c73000 r--s 00023000 08:09 1185258                    /home/maanadev/.m2/repository/org/apache/maven/shared/maven-shared-utils/0.3/maven-shared-utils-0.3.jar
7f6971c73000-7f6971c75000 r--s 00009000 08:09 1185256                    /home/maanadev/.m2/repository/org/apache/maven/shared/maven-filtering/1.2/maven-filtering-1.2.jar
7f6971c75000-7f6971c79000 r--s 00037000 08:09 404920                     /home/maanadev/.m2/repository/org/codehaus/plexus/plexus-utils/3.0.15/plexus-utils-3.0.15.jar
7f6971c79000-7f6971c7a000 r--s 00007000 08:09 173228                     /home/maanadev/.m2/repository/org/apache/maven/plugins/maven-resources-plugin/2.7/maven-resources-plugin-2.7.jar
7f6971c7a000-7f6971c7c000 r--s 00002000 08:09 276400                     /home/maanadev/.m2/repository/org/apache/apache-jar-resource-bundle/1.4/apache-jar-resource-bundle-1.4.jar
7f6971c7c000-7f6971e7c000 rw-p 00000000 00:00 0 
7f6971e7c000-7f6971e80000 r--s 0003c000 08:09 1316866                    /home/maanadev/.m2/repository/commons-lang/commons-lang/2.4/commons-lang-2.4.jar
7f6971e80000-7f6971e8e000 r--s 0007f000 08:09 22558                      /home/maanadev/.m2/repository/commons-collections/commons-collections/3.2.1/commons-collections-3.2.1.jar
7f6971e8e000-7f6971e96000 r--s 00066000 08:09 29440                      /home/maanadev/.m2/repository/org/apache/velocity/velocity/1.7/velocity-1.7.jar
7f6971e96000-7f6971e9a000 r--s 00034000 08:09 794125                     /home/maanadev/.m2/repository/org/codehaus/plexus/plexus-utils/1.5.15/plexus-utils-1.5.15.jar
7f6971e9a000-7f6971e9c000 r--s 0000d000 08:09 794123                     /home/maanadev/.m2/repository/org/codehaus/plexus/plexus-interpolation/1.12/plexus-interpolation-1.12.jar
7f6971e9c000-7f6971e9e000 r--s 00004000 08:09 400624                     /home/maanadev/.m2/repository/org/codehaus/plexus/plexus-resources/1.0-alpha-7/plexus-resources-1.0-alpha-7.jar
7f6971e9e000-7f6971e9f000 r--s 00001000 08:09 789038                     /home/maanadev/.m2/repository/org/sonatype/plexus/plexus-build-api/0.0.4/plexus-build-api-0.0.4.jar
7f6971e9f000-7f6971ea1000 r--s 00009000 08:09 789036                     /home/maanadev/.m2/repository/org/apache/maven/shared/maven-filtering/1.1/maven-filtering-1.1.jar
7f6971ea1000-7f6971ea3000 r--s 00006000 08:09 1183239                    /home/maanadev/.m2/repository/org/apache/maven/shared/maven-common-artifact-filters/1.4/maven-common-artifact-filters-1.4.jar
7f6971ea3000-7f6971ea5000 r--s 00002000 08:09 928276                     /home/maanadev/.m2/repository/org/apache/maven/shared/maven-artifact-resolver/1.0/maven-artifact-resolver-1.0.jar
7f6971ea5000-7f6971ea7000 r--s 00002000 08:09 785025                     /home/maanadev/.m2/repository/org/sonatype/plexus/plexus-cipher/1.4/plexus-cipher-1.4.jar
7f6971ea7000-7f6971ea8000 r--s 00006000 08:09 785024                     /home/maanadev/.m2/repository/org/sonatype/plexus/plexus-sec-dispatcher/1.3/plexus-sec-dispatcher-1.3.jar
7f6971ea8000-7f6971eb0000 r--s 00049000 08:09 785015                     /home/maanadev/.m2/repository/backport-util-concurrent/backport-util-concurrent/3.1/backport-util-concurrent-3.1.jar
7f6971eb0000-7f6971eb2000 r--s 00009000 08:09 400347                     /home/maanadev/.m2/repository/commons-cli/commons-cli/1.2/commons-cli-1.2.jar
7f6971eb2000-7f6971eb3000 r--s 00002000 08:09 1185076                    /home/maanadev/.m2/repository/org/apache/maven/doxia/doxia-logging-api/1.1/doxia-logging-api-1.1.jar
7f6971eb3000-7f6971eb5000 r--s 00002000 08:09 1185075                    /home/maanadev/.m2/repository/org/apache/maven/doxia/doxia-sink-api/1.1/doxia-sink-api-1.1.jar
7f6971eb5000-7f6971eb6000 r--s 00002000 08:09 1185072                    /home/maanadev/.m2/repository/org/apache/maven/reporting/maven-reporting-api/2.2.1/maven-reporting-api-2.2.1.jar
7f6971eb6000-7f6971eb8000 r--s 00003000 08:09 785020                     /home/maanadev/.m2/repository/org/slf4j/jcl-over-slf4j/1.5.6/jcl-over-slf4j-1.5.6.jar
7f6971eb8000-7f6971eba000 r--s 00001000 08:09 785016                     /home/maanadev/.m2/repository/org/slf4j/slf4j-jdk14/1.5.6/slf4j-jdk14-1.5.6.jar
7f6971eba000-7f6971ebb000 r--s 00010000 08:09 172626                     /home/maanadev/.m2/repository/org/apache/maven/plugins/maven-remote-resources-plugin/1.5/maven-remote-resources-plugin-1.5.jar
7f6971ebb000-7f69720bb000 rw-p 00000000 00:00 0 
7f69720bb000-7f69720bd000 r--s 00004000 08:09 1320258                    /home/maanadev/.m2/repository/org/apache/maven/doxia/doxia-module-xhtml/1.0/doxia-module-xhtml-1.0.jar
7f69720bd000-7f69720be000 r--s 00006000 08:09 1320256                    /home/maanadev/.m2/repository/org/apache/maven/doxia/doxia-module-xdoc/1.0/doxia-module-xdoc-1.0.jar
7f69720be000-7f69720bf000 r--s 00004000 08:09 1456635                    /home/maanadev/.m2/repository/org/apache/maven/doxia/doxia-module-fml/1.0/doxia-module-fml-1.0.jar
7f69720bf000-7f69720c1000 r--s 0000a000 08:09 1320254                    /home/maanadev/.m2/repository/org/apache/maven/doxia/doxia-module-apt/1.0/doxia-module-apt-1.0.jar
7f69720c1000-7f69720ce000 r--s 0007f000 08:09 29562                      /home/maanadev/.m2/repository/commons-collections/commons-collections/3.2/commons-collections-3.2.jar
7f69720ce000-7f69720cf000 r--s 0000b000 08:09 1320252                    /home/maanadev/.m2/repository/org/apache/maven/doxia/doxia-decoration-model/1.0/doxia-decoration-model-1.0.jar
7f69720cf000-7f69720d1000 r--s 0000e000 08:09 22549                      /home/maanadev/.m2/repository/oro/oro/2.0.8/oro-2.0.8.jar
7f69720d1000-7f69720d5000 r--s 0002f000 08:09 1324775                    /home/maanadev/.m2/repository/commons-lang/commons-lang/2.1/commons-lang-2.1.jar
7f69720d5000-7f69720dd000 r--s 00058000 08:09 22548                      /home/maanadev/.m2/repository/org/apache/velocity/velocity/1.5/velocity-1.5.jar
7f69720dd000-7f69720de000 r--s 00001000 08:09 400577                     /home/maanadev/.m2/repository/org/codehaus/plexus/plexus-velocity/1.1.7/plexus-velocity-1.1.7.jar
7f69720de000-7f69720df000 r--s 00002000 08:09 400897                     /home/maanadev/.m2/repository/org/codehaus/plexus/plexus-i18n/1.0-beta-7/plexus-i18n-1.0-beta-7.jar
7f69720df000-7f69720e2000 r--s 0000b000 08:09 1320249                    /home/maanadev/.m2/repository/org/apache/maven/doxia/doxia-core/1.0/doxia-core-1.0.jar
7f69720e2000-7f69720e4000 r--s 0000a000 08:09 1320247                    /home/maanadev/.m2/repository/org/apache/maven/doxia/doxia-site-renderer/1.0/doxia-site-renderer-1.0.jar
7f69720e4000-7f69720e5000 r--s 00002000 08:09 1320245                    /home/maanadev/.m2/repository/org/apache/maven/doxia/doxia-sink-api/1.0/doxia-sink-api-1.0.jar
7f69720e5000-7f69720e7000 r--s 00001000 08:09 797889                     /home/maanadev/.m2/repository/org/sonatype/plexus/plexus-build-api/0.0.7/plexus-build-api-0.0.7.jar
7f69720e7000-7f69722e7000 rw-p 00000000 00:00 0 
7f69722e7000-7f69722f8000 r-xp 00000000 08:09 1585326                    /usr/lib/jvm/java-8-oracle/jre/lib/amd64/libnio.so
7f69722f8000-7f69724f7000 ---p 00011000 08:09 1585326                    /usr/lib/jvm/java-8-oracle/jre/lib/amd64/libnio.so
7f69724f7000-7f69724f8000 rw-p 00010000 08:09 1585326                    /usr/lib/jvm/java-8-oracle/jre/lib/amd64/libnio.so
7f69724f8000-7f697250e000 r-xp 00000000 08:09 1585318                    /usr/lib/jvm/java-8-oracle/jre/lib/amd64/libnet.so
7f697250e000-7f697270e000 ---p 00016000 08:09 1585318                    /usr/lib/jvm/java-8-oracle/jre/lib/amd64/libnet.so
7f697270e000-7f697270f000 rw-p 00016000 08:09 1585318                    /usr/lib/jvm/java-8-oracle/jre/lib/amd64/libnet.so
7f697270f000-7f697290f000 rw-p 00000000 00:00 0 
7f697290f000-7f6972b0f000 rw-p 00000000 00:00 0 
7f6972b0f000-7f6972b10000 ---p 00000000 00:00 0 
7f6972b10000-7f6972c10000 rw-p 00000000 00:00 0                          [stack:21661]
7f6972c10000-7f6972c13000 ---p 00000000 00:00 0 
7f6972c13000-7f6972d11000 rw-p 00000000 00:00 0                          [stack:21660]
7f6972d11000-7f6972d14000 ---p 00000000 00:00 0 
7f6972d14000-7f6972e12000 rw-p 00000000 00:00 0                          [stack:21659]
7f6972e12000-7f6972e15000 ---p 00000000 00:00 0 
7f6972e15000-7f6972f13000 rw-p 00000000 00:00 0                          [stack:21658]
7f6972f13000-7f6972f16000 ---p 00000000 00:00 0 
7f6972f16000-7f6973014000 rw-p 00000000 00:00 0                          [stack:21657]
7f6973014000-7f6973017000 ---p 00000000 00:00 0 
7f6973017000-7f6973115000 rw-p 00000000 00:00 0                          [stack:21656]
7f6973115000-7f6973118000 ---p 00000000 00:00 0 
7f6973118000-7f6973216000 rw-p 00000000 00:00 0                          [stack:21655]
7f6973216000-7f69738f9000 r--p 00000000 08:09 1578003                    /usr/lib/locale/locale-archive
7f69738f9000-7f69738fc000 ---p 00000000 00:00 0 
7f69738fc000-7f69739fa000 rw-p 00000000 00:00 0                          [stack:21654]
7f69739fa000-7f69739fd000 ---p 00000000 00:00 0 
7f69739fd000-7f6973afb000 rw-p 00000000 00:00 0                          [stack:21653]
7f6973afb000-7f6973afc000 ---p 00000000 00:00 0 
7f6973afc000-7f6974000000 rw-p 00000000 00:00 0                          [stack:21652]
7f6974000000-7f6974021000 rw-p 00000000 00:00 0 
7f6974021000-7f6978000000 ---p 00000000 00:00 0 
7f6978000000-7f6978004000 r--s 00035000 08:09 400585                     /home/maanadev/.m2/repository/org/codehaus/plexus/plexus-utils/3.0.10/plexus-utils-3.0.10.jar
7f6978004000-7f6978008000 r--s 0001d000 08:09 789274                     /home/maanadev/.m2/repository/org/eclipse/aether/aether-util/0.9.0.M2/aether-util-0.9.0.M2.jar
7f6978008000-7f697800a000 r--s 00000000 08:09 788272                     /home/maanadev/.m2/repository/org/codehaus/plexus/plexus-component-annotations/1.5.5/plexus-component-annotations-1.5.5.jar
7f697800a000-7f697800d000 r--s 0000c000 08:09 1183290                    /home/maanadev/.m2/repository/org/apache/maven/shared/maven-dependency-tree/2.1/maven-dependency-tree-2.1.jar
7f697800d000-7f697800f000 r--s 0000d000 08:09 788975                     /home/maanadev/.m2/repository/org/codehaus/plexus/plexus-interpolation/1.15/plexus-interpolation-1.15.jar
7f697800f000-7f6978012000 r--s 0000c000 08:09 788971                     /home/maanadev/.m2/repository/org/codehaus/plexus/plexus-io/2.0.2/plexus-io-2.0.2.jar
7f6978012000-7f6978017000 r--s 00029000 08:09 788973                     /home/maanadev/.m2/repository/org/codehaus/plexus/plexus-archiver/2.1/plexus-archiver-2.1.jar
7f6978017000-7f6978019000 r--s 00004000 08:09 788969                     /home/maanadev/.m2/repository/org/apache/maven/maven-archiver/2.5/maven-archiver-2.5.jar
7f6978019000-7f697801b000 r--s 00002000 08:09 788963                     /home/maanadev/.m2/repository/org/codehaus/plexus/plexus-interactivity-api/1.0-alpha-4/plexus-interactivity-api-1.0-alpha-4.jar
7f697801b000-7f697801d000 r--s 00006000 08:09 528307                     /home/maanadev/.m2/repository/commons-cli/commons-cli/1.0/commons-cli-1.0.jar
7f697801d000-7f6978020000 r--s 0001b000 08:09 168650                     /home/maanadev/.m2/repository/junit/junit/3.8.1/junit-3.8.1.jar
7f6978020000-7f6978021000 r--s 00002000 08:09 789633                     /home/maanadev/.m2/repository/org/apache/maven/reporting/maven-reporting-api/2.0.7/maven-reporting-api-2.0.7.jar
7f6978021000-7f697802f000 r--s 00088000 08:09 29560                      /home/maanadev/.m2/repository/org/osgi/org.osgi.compendium/4.2.0/org.osgi.compendium-4.2.0.jar
7f697802f000-7f6978031000 r--s 0000f000 08:09 281486                     /home/maanadev/.m2/repository/org/apache/felix/org.apache.felix.utils/1.6.0/org.apache.felix.utils-1.6.0.jar
7f6978031000-7f6978033000 r--s 00012000 08:09 274122                     /home/maanadev/.m2/repository/org/easymock/easymock/2.4/easymock-2.4.jar
7f6978033000-7f6978037000 r--s 00026000 08:09 274120                     /home/maanadev/.m2/repository/org/apache/felix/org.apache.felix.bundlerepository/1.6.6/org.apache.felix.bundlerepository-1.6.6.jar
7f6978037000-7f6978058000 r--s 001be000 08:09 406908                     /home/maanadev/.m2/repository/biz/aQute/bnd/biz.aQute.bndlib/2.4.1/biz.aQute.bndlib-2.4.1.jar
7f6978058000-7f697805f000 r--s 0004f000 08:09 29558                      /home/maanadev/.m2/repository/org/osgi/org.osgi.core/4.3.1/org.osgi.core-4.3.1.jar
7f697805f000-7f6978062000 r--s 00027000 08:09 406249                     /home/maanadev/.m2/repository/org/apache/felix/maven-bundle-plugin/2.5.4/maven-bundle-plugin-2.5.4.jar
7f6978062000-7f6978066000 r--s 00097000 08:09 1585119                    /usr/lib/jvm/java-8-oracle/jre/lib/jsse.jar
7f6978066000-7f6978067000 r--s 00002000 08:09 2431158                    /home/maanadev/Software/CWL/plugins/org.eclipse.m2e.maven.runtime.slf4j.simple_1.6.2.20150902-0001/jars/slf4j-simple-1.7.5.jar
7f6978067000-7f697806c000 r--s 00041000 08:09 2431436                    /home/maanadev/Software/CWL/plugins/org.eclipse.m2e.maven.runtime_1.6.2.20150902-0001/jars/commons-lang-2.6.jar
7f697806c000-7f697806d000 r--s 00002000 08:09 2431465                    /home/maanadev/Software/CWL/plugins/org.eclipse.m2e.maven.runtime_1.6.2.20150902-0001/jars/wagon-file-2.9.jar
7f697806d000-7f697806f000 r--s 00005000 08:09 2431433                    /home/maanadev/Software/CWL/plugins/org.eclipse.m2e.maven.runtime_1.6.2.20150902-0001/jars/aether-transport-wagon-1.0.2.v20150114.jar
7f697806f000-7f6978071000 r--s 0000e000 08:09 2431445                    /home/maanadev/Software/CWL/plugins/org.eclipse.m2e.maven.runtime_1.6.2.20150902-0001/jars/okio-1.3.0.jar
7f6978071000-7f6978076000 r--s 00043000 08:09 2431451                    /home/maanadev/Software/CWL/plugins/org.eclipse.m2e.maven.runtime_1.6.2.20150902-0001/jars/okhttp-2.3.0.jar
7f6978076000-7f6978078000 r--s 0000a000 08:09 2431467                    /home/maanadev/Software/CWL/plugins/org.eclipse.m2e.maven.runtime_1.6.2.20150902-0001/jars/aether-connector-okhttp-0.15.0.jar
7f6978078000-7f697807a000 r--s 00006000 08:09 2431457                    /home/maanadev/Software/CWL/plugins/org.eclipse.m2e.maven.runtime_1.6.2.20150902-0001/jars/aether-spi-1.0.2.v20150114.jar
7f697807a000-7f697807e000 r--s 00027000 08:09 2431460                    /home/maanadev/Software/CWL/plugins/org.eclipse.m2e.maven.runtime_1.6.2.20150902-0001/jars/aether-impl-1.0.2.v20150114.jar
7f697807e000-7f697c000000 rw-p 00000000 00:00 0 
7f697c000000-7f697c021000 rw-p 00000000 00:00 0 
7f697c021000-7f6980000000 ---p 00000000 00:00 0 
7f6980000000-7f6980021000 rw-p 00000000 00:00 0 
7f6980021000-7f6984000000 ---p 00000000 00:00 0 
7f6984000000-7f6984021000 rw-p 00000000 00:00 0 
7f6984021000-7f6988000000 ---p 00000000 00:00 0 
7f6988000000-7f6988021000 rw-p 00000000 00:00 0 
7f6988021000-7f698c000000 ---p 00000000 00:00 0 
7f698c000000-7f698c021000 rw-p 00000000 00:00 0 
7f698c021000-7f6990000000 ---p 00000000 00:00 0 
7f6990000000-7f6990021000 rw-p 00000000 00:00 0 
7f6990021000-7f6994000000 ---p 00000000 00:00 0 
7f6994000000-7f6994021000 rw-p 00000000 00:00 0 
7f6994021000-7f6998000000 ---p 00000000 00:00 0 
7f6998000000-7f6998001000 r--s 00008000 08:09 2431449                    /home/maanadev/Software/CWL/plugins/org.eclipse.m2e.maven.runtime_1.6.2.20150902-0001/jars/aether-connector-basic-1.0.2.v20150114.jar
7f6998001000-7f699802c000 r--s 001fc000 08:09 2431429                    /home/maanadev/Software/CWL/plugins/org.eclipse.m2e.maven.runtime_1.6.2.20150902-0001/jars/guava-18.0.jar
7f699802c000-7f6998035000 r--s 00059000 08:09 2431438                    /home/maanadev/Software/CWL/plugins/org.eclipse.m2e.maven.runtime_1.6.2.20150902-0001/jars/sisu-guice-3.2.5-no_aop.jar
7f6998035000-7f699803c000 r--s 00055000 08:09 2431461                    /home/maanadev/Software/CWL/plugins/org.eclipse.m2e.maven.runtime_1.6.2.20150902-0001/jars/org.eclipse.sisu.inject-0.3.0.jar
7f699803c000-7f699803f000 r--s 00008000 08:09 2431431                    /home/maanadev/Software/CWL/plugins/org.eclipse.m2e.maven.runtime_1.6.2.20150902-0001/jars/cdi-api-1.0.jar
7f699803f000-7f6998045000 r--s 0002d000 08:09 2431430                    /home/maanadev/Software/CWL/plugins/org.eclipse.m2e.maven.runtime_1.6.2.20150902-0001/jars/org.eclipse.sisu.plexus-0.3.0.jar
7f6998045000-7f6998048000 r--s 0000b000 08:09 2431466                    /home/maanadev/Software/CWL/plugins/org.eclipse.m2e.maven.runtime_1.6.2.20150902-0001/jars/wagon-provider-api-2.9.jar
7f6998048000-7f699804f000 r--s 00040000 08:09 2431453                    /home/maanadev/Software/CWL/plugins/org.eclipse.m2e.maven.runtime_1.6.2.20150902-0001/jars/maven-compat-3.3.3.jar
7f699804f000-7f6998051000 r--s 00009000 08:09 2431459                    /home/maanadev/Software/CWL/plugins/org.eclipse.m2e.maven.runtime_1.6.2.20150902-0001/jars/commons-cli-1.2.jar
7f6998051000-7f6998053000 r--s 00002000 08:09 2431444                    /home/maanadev/Software/CWL/plugins/org.eclipse.m2e.maven.runtime_1.6.2.20150902-0001/jars/plexus-cipher-1.7.jar
7f6998053000-7f6998056000 r--s 00013000 08:09 2431441                    /home/maanadev/Software/CWL/plugins/org.eclipse.m2e.maven.runtime_1.6.2.20150902-0001/jars/maven-embedder-3.3.3.jar
7f6998056000-7f6998058000 r--s 00000000 08:09 2431446                    /home/maanadev/Software/CWL/plugins/org.eclipse.m2e.maven.runtime_1.6.2.20150902-0001/jars/plexus-component-annotations-1.5.5.jar
7f6998058000-7f699805c000 r--s 00038000 08:09 2431439                    /home/maanadev/Software/CWL/plugins/org.eclipse.m2e.maven.runtime_1.6.2.20150902-0001/jars/plexus-utils-3.0.20.jar
7f699805c000-7f699805f000 r--s 0000d000 08:09 2431450                    /home/maanadev/Software/CWL/plugins/org.eclipse.m2e.maven.runtime_1.6.2.20150902-0001/jars/plexus-interpolation-1.21.jar
7f699805f000-7f6998063000 r--s 00020000 08:09 2431443                    /home/maanadev/Software/CWL/plugins/org.eclipse.m2e.maven.runtime_1.6.2.20150902-0001/jars/aether-util-1.0.2.v20150114.jar
7f6998063000-7f6998068000 r--s 0001d000 08:09 2431442                    /home/maanadev/Software/CWL/plugins/org.eclipse.m2e.maven.runtime_1.6.2.20150902-0001/jars/aether-api-1.0.2.v20150114.jar
7f6998068000-7f699806d000 r--s 00027000 08:09 2431440                    /home/maanadev/Software/CWL/plugins/org.eclipse.m2e.maven.runtime_1.6.2.20150902-0001/jars/maven-model-builder-3.3.3.jar
7f699806d000-7f6999000000 rw-p 00000000 00:00 0 
7f6999000000-7f6999de0000 rwxp 00000000 00:00 0 
7f6999de0000-7f69a8000000 ---p 00000000 00:00 0 
7f69a8000000-7f69a8eb3000 rw-p 00000000 00:00 0 
7f69a8eb3000-7f69ac000000 ---p 00000000 00:00 0 
7f69ac000000-7f69ac001000 r--s 00001000 08:09 2431462                    /home/maanadev/Software/CWL/plugins/org.eclipse.m2e.maven.runtime_1.6.2.20150902-0001/jars/jsr250-api-1.0.jar
7f69ac001000-7f69ac6da000 rw-p 00000000 00:00 0 
7f69ac6da000-7f69ac8b3000 r--s 03d1f000 08:09 1585156                    /usr/lib/jvm/java-8-oracle/jre/lib/rt.jar
7f69ac8b3000-7f69ad501000 rw-p 00000000 00:00 0 
7f69ad501000-7f69ad502000 ---p 00000000 00:00 0 
7f69ad502000-7f69ad602000 rw-p 00000000 00:00 0                          [stack:21651]
7f69ad602000-7f69ad603000 ---p 00000000 00:00 0 
7f69ad603000-7f69ad703000 rw-p 00000000 00:00 0                          [stack:21650]
7f69ad703000-7f69ad704000 ---p 00000000 00:00 0 
7f69ad704000-7f69ad804000 rw-p 00000000 00:00 0                          [stack:21649]
7f69ad804000-7f69ad805000 ---p 00000000 00:00 0 
7f69ad805000-7f69ad905000 rw-p 00000000 00:00 0                          [stack:21648]
7f69ad905000-7f69ad906000 ---p 00000000 00:00 0 
7f69ad906000-7f69ada06000 rw-p 00000000 00:00 0                          [stack:21647]
7f69ada06000-7f69ada07000 ---p 00000000 00:00 0 
7f69ada07000-7f69adb07000 rw-p 00000000 00:00 0                          [stack:21646]
7f69adb07000-7f69adb08000 ---p 00000000 00:00 0 
7f69adb08000-7f69adc08000 rw-p 00000000 00:00 0                          [stack:21645]
7f69adc08000-7f69adc09000 ---p 00000000 00:00 0 
7f69adc09000-7f69add33000 rw-p 00000000 00:00 0                          [stack:21644]
7f69add33000-7f69adf99000 ---p 00000000 00:00 0 
7f69adf99000-7f69adfc3000 rw-p 00000000 00:00 0 
7f69adfc3000-7f69ae229000 ---p 00000000 00:00 0 
7f69ae229000-7f69ae2b5000 rw-p 00000000 00:00 0 
7f69ae2b5000-7f69ae371000 ---p 00000000 00:00 0 
7f69ae371000-7f69ae3aa000 rw-p 00000000 00:00 0 
7f69ae3aa000-7f69ae732000 ---p 00000000 00:00 0 
7f69ae732000-7f69ae74c000 r-xp 00000000 08:09 1585360                    /usr/lib/jvm/java-8-oracle/jre/lib/amd64/libzip.so
7f69ae74c000-7f69ae94c000 ---p 0001a000 08:09 1585360                    /usr/lib/jvm/java-8-oracle/jre/lib/amd64/libzip.so
7f69ae94c000-7f69ae94d000 rw-p 0001a000 08:09 1585360                    /usr/lib/jvm/java-8-oracle/jre/lib/amd64/libzip.so
7f69ae94d000-7f69ae957000 r-xp 00000000 08:09 2101609                    /lib/x86_64-linux-gnu/libnss_files-2.19.so
7f69ae957000-7f69aeb56000 ---p 0000a000 08:09 2101609                    /lib/x86_64-linux-gnu/libnss_files-2.19.so
7f69aeb56000-7f69aeb57000 r--p 00009000 08:09 2101609                    /lib/x86_64-linux-gnu/libnss_files-2.19.so
7f69aeb57000-7f69aeb58000 rw-p 0000a000 08:09 2101609                    /lib/x86_64-linux-gnu/libnss_files-2.19.so
7f69aeb58000-7f69aeb63000 r-xp 00000000 08:09 2101601                    /lib/x86_64-linux-gnu/libnss_nis-2.19.so
7f69aeb63000-7f69aed62000 ---p 0000b000 08:09 2101601                    /lib/x86_64-linux-gnu/libnss_nis-2.19.so
7f69aed62000-7f69aed63000 r--p 0000a000 08:09 2101601                    /lib/x86_64-linux-gnu/libnss_nis-2.19.so
7f69aed63000-7f69aed64000 rw-p 0000b000 08:09 2101601                    /lib/x86_64-linux-gnu/libnss_nis-2.19.so
7f69aed64000-7f69aed7b000 r-xp 00000000 08:09 2101597                    /lib/x86_64-linux-gnu/libnsl-2.19.so
7f69aed7b000-7f69aef7a000 ---p 00017000 08:09 2101597                    /lib/x86_64-linux-gnu/libnsl-2.19.so
7f69aef7a000-7f69aef7b000 r--p 00016000 08:09 2101597                    /lib/x86_64-linux-gnu/libnsl-2.19.so
7f69aef7b000-7f69aef7c000 rw-p 00017000 08:09 2101597                    /lib/x86_64-linux-gnu/libnsl-2.19.so
7f69aef7c000-7f69aef7e000 rw-p 00000000 00:00 0 
7f69aef7e000-7f69aef87000 r-xp 00000000 08:09 2101596                    /lib/x86_64-linux-gnu/libnss_compat-2.19.so
7f69aef87000-7f69af186000 ---p 00009000 08:09 2101596                    /lib/x86_64-linux-gnu/libnss_compat-2.19.so
7f69af186000-7f69af187000 r--p 00008000 08:09 2101596                    /lib/x86_64-linux-gnu/libnss_compat-2.19.so
7f69af187000-7f69af188000 rw-p 00009000 08:09 2101596                    /lib/x86_64-linux-gnu/libnss_compat-2.19.so
7f69af188000-7f69af1b2000 r-xp 00000000 08:09 1585340                    /usr/lib/jvm/java-8-oracle/jre/lib/amd64/libjava.so
7f69af1b2000-7f69af3b2000 ---p 0002a000 08:09 1585340                    /usr/lib/jvm/java-8-oracle/jre/lib/amd64/libjava.so
7f69af3b2000-7f69af3b4000 rw-p 0002a000 08:09 1585340                    /usr/lib/jvm/java-8-oracle/jre/lib/amd64/libjava.so
7f69af3b4000-7f69af3c1000 r-xp 00000000 08:09 1585364                    /usr/lib/jvm/java-8-oracle/jre/lib/amd64/libverify.so
7f69af3c1000-7f69af5c1000 ---p 0000d000 08:09 1585364                    /usr/lib/jvm/java-8-oracle/jre/lib/amd64/libverify.so
7f69af5c1000-7f69af5c3000 rw-p 0000d000 08:09 1585364                    /usr/lib/jvm/java-8-oracle/jre/lib/amd64/libverify.so
7f69af5c3000-7f69af5ca000 r-xp 00000000 08:09 2101605                    /lib/x86_64-linux-gnu/librt-2.19.so
7f69af5ca000-7f69af7c9000 ---p 00007000 08:09 2101605                    /lib/x86_64-linux-gnu/librt-2.19.so
7f69af7c9000-7f69af7ca000 r--p 00006000 08:09 2101605                    /lib/x86_64-linux-gnu/librt-2.19.so
7f69af7ca000-7f69af7cb000 rw-p 00007000 08:09 2101605                    /lib/x86_64-linux-gnu/librt-2.19.so
7f69af7cb000-7f69af8d0000 r-xp 00000000 08:09 2101591                    /lib/x86_64-linux-gnu/libm-2.19.so
7f69af8d0000-7f69afacf000 ---p 00105000 08:09 2101591                    /lib/x86_64-linux-gnu/libm-2.19.so
7f69afacf000-7f69afad0000 r--p 00104000 08:09 2101591                    /lib/x86_64-linux-gnu/libm-2.19.so
7f69afad0000-7f69afad1000 rw-p 00105000 08:09 2101591                    /lib/x86_64-linux-gnu/libm-2.19.so
7f69afad1000-7f69b0791000 r-xp 00000000 08:09 1585344                    /usr/lib/jvm/java-8-oracle/jre/lib/amd64/server/libjvm.so
7f69b0791000-7f69b0991000 ---p 00cc0000 08:09 1585344                    /usr/lib/jvm/java-8-oracle/jre/lib/amd64/server/libjvm.so
7f69b0991000-7f69b0a69000 rw-p 00cc0000 08:09 1585344                    /usr/lib/jvm/java-8-oracle/jre/lib/amd64/server/libjvm.so
7f69b0a69000-7f69b0ab4000 rw-p 00000000 00:00 0 
7f69b0ab4000-7f69b0c6e000 r-xp 00000000 08:09 2101606                    /lib/x86_64-linux-gnu/libc-2.19.so
7f69b0c6e000-7f69b0e6e000 ---p 001ba000 08:09 2101606                    /lib/x86_64-linux-gnu/libc-2.19.so
7f69b0e6e000-7f69b0e72000 r--p 001ba000 08:09 2101606                    /lib/x86_64-linux-gnu/libc-2.19.so
7f69b0e72000-7f69b0e74000 rw-p 001be000 08:09 2101606                    /lib/x86_64-linux-gnu/libc-2.19.so
7f69b0e74000-7f69b0e79000 rw-p 00000000 00:00 0 
7f69b0e79000-7f69b0e7c000 r-xp 00000000 08:09 2101593                    /lib/x86_64-linux-gnu/libdl-2.19.so
7f69b0e7c000-7f69b107b000 ---p 00003000 08:09 2101593                    /lib/x86_64-linux-gnu/libdl-2.19.so
7f69b107b000-7f69b107c000 r--p 00002000 08:09 2101593                    /lib/x86_64-linux-gnu/libdl-2.19.so
7f69b107c000-7f69b107d000 rw-p 00003000 08:09 2101593                    /lib/x86_64-linux-gnu/libdl-2.19.so
7f69b107d000-7f69b1092000 r-xp 00000000 08:09 1584910                    /usr/lib/jvm/java-8-oracle/lib/amd64/jli/libjli.so
7f69b1092000-7f69b1292000 ---p 00015000 08:09 1584910                    /usr/lib/jvm/java-8-oracle/lib/amd64/jli/libjli.so
7f69b1292000-7f69b1293000 rw-p 00015000 08:09 1584910                    /usr/lib/jvm/java-8-oracle/lib/amd64/jli/libjli.so
7f69b1293000-7f69b12ac000 r-xp 00000000 08:09 2101598                    /lib/x86_64-linux-gnu/libpthread-2.19.so
7f69b12ac000-7f69b14ab000 ---p 00019000 08:09 2101598                    /lib/x86_64-linux-gnu/libpthread-2.19.so
7f69b14ab000-7f69b14ac000 r--p 00018000 08:09 2101598                    /lib/x86_64-linux-gnu/libpthread-2.19.so
7f69b14ac000-7f69b14ad000 rw-p 00019000 08:09 2101598                    /lib/x86_64-linux-gnu/libpthread-2.19.so
7f69b14ad000-7f69b14b1000 rw-p 00000000 00:00 0 
7f69b14b1000-7f69b14d4000 r-xp 00000000 08:09 2101599                    /lib/x86_64-linux-gnu/ld-2.19.so
7f69b14d4000-7f69b14d5000 r--s 00006000 08:09 2431452                    /home/maanadev/Software/CWL/plugins/org.eclipse.m2e.maven.runtime_1.6.2.20150902-0001/jars/plexus-sec-dispatcher-1.3.jar
7f69b14d5000-7f69b14d7000 r--s 0000f000 08:09 2431432                    /home/maanadev/Software/CWL/plugins/org.eclipse.m2e.maven.runtime_1.6.2.20150902-0001/jars/maven-aether-provider-3.3.3.jar
7f69b14d7000-7f69b14d9000 r--s 0000a000 08:09 2431458                    /home/maanadev/Software/CWL/plugins/org.eclipse.m2e.maven.runtime_1.6.2.20150902-0001/jars/maven-plugin-api-3.3.3.jar
7f69b14d9000-7f69b14db000 r--s 0000c000 08:09 2431434                    /home/maanadev/Software/CWL/plugins/org.eclipse.m2e.maven.runtime_1.6.2.20150902-0001/jars/maven-artifact-3.3.3.jar
7f69b14db000-7f69b14dd000 r--s 00005000 08:09 2431455                    /home/maanadev/Software/CWL/plugins/org.eclipse.m2e.maven.runtime_1.6.2.20150902-0001/jars/maven-repository-metadata-3.3.3.jar
7f69b14dd000-7f69b14de000 r--s 00003000 08:09 2431456                    /home/maanadev/Software/CWL/plugins/org.eclipse.m2e.maven.runtime_1.6.2.20150902-0001/jars/maven-builder-support-3.3.3.jar
7f69b14de000-7f69b14e0000 r--s 00009000 08:09 2431463                    /home/maanadev/Software/CWL/plugins/org.eclipse.m2e.maven.runtime_1.6.2.20150902-0001/jars/maven-settings-builder-3.3.3.jar
7f69b14e0000-7f69b14e3000 r--s 00025000 08:09 2431447                    /home/maanadev/Software/CWL/plugins/org.eclipse.m2e.maven.runtime_1.6.2.20150902-0001/jars/maven-model-3.3.3.jar
7f69b14e3000-7f69b15ae000 rw-p 00000000 00:00 0 
7f69b15ae000-7f69b15b1000 ---p 00000000 00:00 0 
7f69b15b1000-7f69b16b3000 rw-p 00000000 00:00 0                          [stack:21643]
7f69b16b3000-7f69b16b5000 r--s 00009000 08:09 2431435                    /home/maanadev/Software/CWL/plugins/org.eclipse.m2e.maven.runtime_1.6.2.20150902-0001/jars/maven-settings-3.3.3.jar
7f69b16b5000-7f69b16c2000 r--s 0008e000 08:09 2431448                    /home/maanadev/Software/CWL/plugins/org.eclipse.m2e.maven.runtime_1.6.2.20150902-0001/jars/maven-core-3.3.3.jar
7f69b16c2000-7f69b16c3000 r--s 00003000 08:09 2431464                    /home/maanadev/Software/CWL/plugins/org.eclipse.m2e.maven.runtime_1.6.2.20150902-0001/jars/takari-filemanager-0.7.0.jar
7f69b16c3000-7f69b16c5000 r--s 00001000 08:09 2431428                    /home/maanadev/Software/CWL/plugins/org.eclipse.m2e.maven.runtime_1.6.2.20150902-0001/jars/takari-local-repository-0.9.0.jar
7f69b16c5000-7f69b16c7000 r--s 0000b000 08:09 2431437                    /home/maanadev/Software/CWL/plugins/org.eclipse.m2e.maven.runtime_1.6.2.20150902-0001/jars/plexus-classworlds-2.5.2.jar
7f69b16c7000-7f69b16cf000 rw-s 00000000 08:09 1439020                    /tmp/hsperfdata_maanadev/21638
7f69b16cf000-7f69b16d0000 rw-p 00000000 00:00 0 
7f69b16d0000-7f69b16d1000 ---p 00000000 00:00 0 
7f69b16d1000-7f69b16d3000 rw-p 00000000 00:00 0 
7f69b16d3000-7f69b16d4000 r--p 00022000 08:09 2101599                    /lib/x86_64-linux-gnu/ld-2.19.so
7f69b16d4000-7f69b16d5000 rw-p 00023000 08:09 2101599                    /lib/x86_64-linux-gnu/ld-2.19.so
7f69b16d5000-7f69b16d6000 rw-p 00000000 00:00 0 
7ffc52a28000-7ffc52a49000 rw-p 00000000 00:00 0                          [stack]
7ffc52b75000-7ffc52b77000 r-xp 00000000 00:00 0                          [vdso]
ffffffffff600000-ffffffffff601000 r-xp 00000000 00:00 0                  [vsyscall]

VM Arguments:
jvm_args: -Dmaven.home=EMBEDDED -Dclassworlds.conf=/home/maanadev/CWLworkspace/.metadata/.plugins/org.eclipse.m2e.launching/launches/m2conf224951187679352936.tmp -Dmaven.multiModuleProjectDirectory=/home/maanadev/Developer/MyGSOCAPACHE/incubator-taverna-common-activities/taverna-cwl-activity-ui -Dfile.encoding=UTF-8 
java_command: org.codehaus.plexus.classworlds.launcher.Launcher -B clean install
java_class_path (initial): /home/maanadev/Software/CWL/plugins/org.eclipse.m2e.maven.runtime_1.6.2.20150902-0001/jars/plexus-classworlds-2.5.2.jar
Launcher Type: SUN_STANDARD

Environment Variables:
JAVA_HOME=/usr/lib/jvm/java-8-oracle
PATH=/usr/local/sbin:/usr/local/bin:/usr/sbin:/usr/bin:/sbin:/bin:/usr/games:/usr/local/games:/home/maanadev/Software/apache-maven-3.3.9/bin
SHELL=/bin/bash
DISPLAY=:0.0

Signal Handlers:
SIGSEGV: [libjvm.so+0xabca10], sa_mask[0]=11111111011111111101111111111110, sa_flags=SA_RESTART|SA_SIGINFO
SIGBUS: [libjvm.so+0xabca10], sa_mask[0]=11111111011111111101111111111110, sa_flags=SA_RESTART|SA_SIGINFO
SIGFPE: [libjvm.so+0x919a20], sa_mask[0]=11111111011111111101111111111110, sa_flags=SA_RESTART|SA_SIGINFO
SIGPIPE: [libjvm.so+0x919a20], sa_mask[0]=11111111011111111101111111111110, sa_flags=SA_RESTART|SA_SIGINFO
SIGXFSZ: [libjvm.so+0x919a20], sa_mask[0]=11111111011111111101111111111110, sa_flags=SA_RESTART|SA_SIGINFO
SIGILL: [libjvm.so+0x919a20], sa_mask[0]=11111111011111111101111111111110, sa_flags=SA_RESTART|SA_SIGINFO
SIGUSR1: SIG_DFL, sa_mask[0]=00000000000000000000000000000000, sa_flags=none
SIGUSR2: [libjvm.so+0x91b050], sa_mask[0]=00100000000000000000000000000000, sa_flags=SA_RESTART|SA_SIGINFO
SIGHUP: [libjvm.so+0x91c450], sa_mask[0]=11111111011111111101111111111110, sa_flags=SA_RESTART|SA_SIGINFO
SIGINT: [libjvm.so+0x91c450], sa_mask[0]=11111111011111111101111111111110, sa_flags=SA_RESTART|SA_SIGINFO
SIGTERM: [libjvm.so+0x91c450], sa_mask[0]=11111111011111111101111111111110, sa_flags=SA_RESTART|SA_SIGINFO
SIGQUIT: [libjvm.so+0x91c450], sa_mask[0]=11111111011111111101111111111110, sa_flags=SA_RESTART|SA_SIGINFO


---------------  S Y S T E M  ---------------

OS:DISTRIB_ID=Ubuntu
DISTRIB_RELEASE=14.04
DISTRIB_CODENAME=trusty
DISTRIB_DESCRIPTION="Ubuntu 14.04.4 LTS"

uname:Linux 3.13.0-88-generic #135-Ubuntu SMP Wed Jun 8 21:10:42 UTC 2016 x86_64
libc:glibc 2.19 NPTL 2.19 
rlimit: STACK 8192k, CORE 0k, NPROC 62770, NOFILE 4096, AS infinity
load average:0.96 0.79 0.64

/proc/meminfo:
MemTotal:        8056280 kB
MemFree:          143900 kB
Buffers:            8052 kB
Cached:           712116 kB
SwapCached:            0 kB
Active:          6998912 kB
Inactive:         660724 kB
Active(anon):    6944112 kB
Inactive(anon):   614084 kB
Active(file):      54800 kB
Inactive(file):    46640 kB
Unevictable:         416 kB
Mlocked:             416 kB
SwapTotal:             0 kB
SwapFree:              0 kB
Dirty:               588 kB
Writeback:             0 kB
AnonPages:       6940436 kB
Mapped:           248588 kB
Shmem:            618336 kB
Slab:              94432 kB
SReclaimable:      44048 kB
SUnreclaim:        50384 kB
KernelStack:        6120 kB
PageTables:        55700 kB
NFS_Unstable:          0 kB
Bounce:                0 kB
WritebackTmp:          0 kB
CommitLimit:     4028140 kB
Committed_AS:   12926856 kB
VmallocTotal:   34359738367 kB
VmallocUsed:      413588 kB
VmallocChunk:   34359308412 kB
HardwareCorrupted:     0 kB
AnonHugePages:   2791424 kB
HugePages_Total:       0
HugePages_Free:        0
HugePages_Rsvd:        0
HugePages_Surp:        0
Hugepagesize:       2048 kB
DirectMap4k:      123644 kB
DirectMap2M:     8144896 kB


CPU:total 8 (4 cores per cpu, 2 threads per core) family 6 model 58 stepping 9, cmov, cx8, fxsr, mmx, sse, sse2, sse3, ssse3, sse4.1, sse4.2, popcnt, avx, aes, clmul, erms, ht, tsc, tscinvbit, tscinv

/proc/cpuinfo:
processor	: 0
vendor_id	: GenuineIntel
cpu family	: 6
model		: 58
model name	: Intel(R) Core(TM) i7-3632QM CPU @ 2.20GHz
stepping	: 9
microcode	: 0x15
cpu MHz		: 1700.000
cache size	: 6144 KB
physical id	: 0
siblings	: 8
core id		: 0
cpu cores	: 4
apicid		: 0
initial apicid	: 0
fpu		: yes
fpu_exception	: yes
cpuid level	: 13
wp		: yes
flags		: fpu vme de pse tsc msr pae mce cx8 apic sep mtrr pge mca cmov pat pse36 clflush dts acpi mmx fxsr sse sse2 ss ht tm pbe syscall nx rdtscp lm constant_tsc arch_perfmon pebs bts rep_good nopl xtopology nonstop_tsc aperfmperf eagerfpu pni pclmulqdq dtes64 monitor ds_cpl vmx est tm2 ssse3 cx16 xtpr pdcm pcid sse4_1 sse4_2 x2apic popcnt tsc_deadline_timer aes xsave avx f16c rdrand lahf_lm ida arat epb xsaveopt pln pts dtherm tpr_shadow vnmi flexpriority ept vpid fsgsbase smep erms
bogomips	: 4390.28
clflush size	: 64
cache_alignment	: 64
address sizes	: 36 bits physical, 48 bits virtual
power management:

processor	: 1
vendor_id	: GenuineIntel
cpu family	: 6
model		: 58
model name	: Intel(R) Core(TM) i7-3632QM CPU @ 2.20GHz
stepping	: 9
microcode	: 0x15
cpu MHz		: 1200.000
cache size	: 6144 KB
physical id	: 0
siblings	: 8
core id		: 0
cpu cores	: 4
apicid		: 1
initial apicid	: 1
fpu		: yes
fpu_exception	: yes
cpuid level	: 13
wp		: yes
flags		: fpu vme de pse tsc msr pae mce cx8 apic sep mtrr pge mca cmov pat pse36 clflush dts acpi mmx fxsr sse sse2 ss ht tm pbe syscall nx rdtscp lm constant_tsc arch_perfmon pebs bts rep_good nopl xtopology nonstop_tsc aperfmperf eagerfpu pni pclmulqdq dtes64 monitor ds_cpl vmx est tm2 ssse3 cx16 xtpr pdcm pcid sse4_1 sse4_2 x2apic popcnt tsc_deadline_timer aes xsave avx f16c rdrand lahf_lm ida arat epb xsaveopt pln pts dtherm tpr_shadow vnmi flexpriority ept vpid fsgsbase smep erms
bogomips	: 4390.28
clflush size	: 64
cache_alignment	: 64
address sizes	: 36 bits physical, 48 bits virtual
power management:

processor	: 2
vendor_id	: GenuineIntel
cpu family	: 6
model		: 58
model name	: Intel(R) Core(TM) i7-3632QM CPU @ 2.20GHz
stepping	: 9
microcode	: 0x15
cpu MHz		: 1200.000
cache size	: 6144 KB
physical id	: 0
siblings	: 8
core id		: 1
cpu cores	: 4
apicid		: 2
initial apicid	: 2
fpu		: yes
fpu_exception	: yes
cpuid level	: 13
wp		: yes
flags		: fpu vme de pse tsc msr pae mce cx8 apic sep mtrr pge mca cmov pat pse36 clflush dts acpi mmx fxsr sse sse2 ss ht tm pbe syscall nx rdtscp lm constant_tsc arch_perfmon pebs bts rep_good nopl xtopology nonstop_tsc aperfmperf eagerfpu pni pclmulqdq dtes64 monitor ds_cpl vmx est tm2 ssse3 cx16 xtpr pdcm pcid sse4_1 sse4_2 x2apic popcnt tsc_deadline_timer aes xsave avx f16c rdrand lahf_lm ida arat epb xsaveopt pln pts dtherm tpr_shadow vnmi flexpriority ept vpid fsgsbase smep erms
bogomips	: 4390.28
clflush size	: 64
cache_alignment	: 64
address sizes	: 36 bits physical, 48 bits virtual
power management:

processor	: 3
vendor_id	: GenuineIntel
cpu family	: 6
model		: 58
model name	: Intel(R) Core(TM) i7-3632QM CPU @ 2.20GHz
stepping	: 9
microcode	: 0x15
cpu MHz		: 1700.000
cache size	: 6144 KB
physical id	: 0
siblings	: 8
core id		: 1
cpu cores	: 4
apicid		: 3
initial apicid	: 3
fpu		: yes
fpu_exception	: yes
cpuid level	: 13
wp		: yes
flags		: fpu vme de pse tsc msr pae mce cx8 apic sep mtrr pge mca cmov pat pse36 clflush dts acpi mmx fxsr sse sse2 ss ht tm pbe syscall nx rdtscp lm constant_tsc arch_perfmon pebs bts rep_good nopl xtopology nonstop_tsc aperfmperf eagerfpu pni pclmulqdq dtes64 monitor ds_cpl vmx est tm2 ssse3 cx16 xtpr pdcm pcid sse4_1 sse4_2 x2apic popcnt tsc_deadline_timer aes xsave avx f16c rdrand lahf_lm ida arat epb xsaveopt pln pts dtherm tpr_shadow vnmi flexpriority ept vpid fsgsbase smep erms
bogomips	: 4390.28
clflush size	: 64
cache_alignment	: 64
address sizes	: 36 bits physical, 48 bits virtual
power management:

processor	: 4
vendor_id	: GenuineIntel
cpu family	: 6
model		: 58
model name	: Intel(R) Core(TM) i7-3632QM CPU @ 2.20GHz
stepping	: 9
microcode	: 0x15
cpu MHz		: 1700.000
cache size	: 6144 KB
physical id	: 0
siblings	: 8
core id		: 2
cpu cores	: 4
apicid		: 4
initial apicid	: 4
fpu		: yes
fpu_exception	: yes
cpuid level	: 13
wp		: yes
flags		: fpu vme de pse tsc msr pae mce cx8 apic sep mtrr pge mca cmov pat pse36 clflush dts acpi mmx fxsr sse sse2 ss ht tm pbe syscall nx rdtscp lm constant_tsc arch_perfmon pebs bts rep_good nopl xtopology nonstop_tsc aperfmperf eagerfpu pni pclmulqdq dtes64 monitor ds_cpl vmx est tm2 ssse3 cx16 xtpr pdcm pcid sse4_1 sse4_2 x2apic popcnt tsc_deadline_timer aes xsave avx f16c rdrand lahf_lm ida arat epb xsaveopt pln pts dtherm tpr_shadow vnmi flexpriority ept vpid fsgsbase smep erms
bogomips	: 4390.28
clflush size	: 64
cache_alignment	: 64
address sizes	: 36 bits physical, 48 bits virtual
power management:

processor	: 5
vendor_id	: GenuineIntel
cpu family	: 6
model		: 58
model name	: Intel(R) Core(TM) i7-3632QM CPU @ 2.20GHz
stepping	: 9
microcode	: 0x15
cpu MHz		: 1700.000
cache size	: 6144 KB
physical id	: 0
siblings	: 8
core id		: 2
cpu cores	: 4
apicid		: 5
initial apicid	: 5
fpu		: yes
fpu_exception	: yes
cpuid level	: 13
wp		: yes
flags		: fpu vme de pse tsc msr pae mce cx8 apic sep mtrr pge mca cmov pat pse36 clflush dts acpi mmx fxsr sse sse2 ss ht tm pbe syscall nx rdtscp lm constant_tsc arch_perfmon pebs bts rep_good nopl xtopology nonstop_tsc aperfmperf eagerfpu pni pclmulqdq dtes64 monitor ds_cpl vmx est tm2 ssse3 cx16 xtpr pdcm pcid sse4_1 sse4_2 x2apic popcnt tsc_deadline_timer aes xsave avx f16c rdrand lahf_lm ida arat epb xsaveopt pln pts dtherm tpr_shadow vnmi flexpriority ept vpid fsgsbase smep erms
bogomips	: 4390.28
clflush size	: 64
cache_alignment	: 64
address sizes	: 36 bits physical, 48 bits virtual
power management:

processor	: 6
vendor_id	: GenuineIntel
cpu family	: 6
model		: 58
model name	: Intel(R) Core(TM) i7-3632QM CPU @ 2.20GHz
stepping	: 9
microcode	: 0x15
cpu MHz		: 1200.000
cache size	: 6144 KB
physical id	: 0
siblings	: 8
core id		: 3
cpu cores	: 4
apicid		: 6
initial apicid	: 6
fpu		: yes
fpu_exception	: yes
cpuid level	: 13
wp		: yes
flags		: fpu vme de pse tsc msr pae mce cx8 apic sep mtrr pge mca cmov pat pse36 clflush dts acpi mmx fxsr sse sse2 ss ht tm pbe syscall nx rdtscp lm constant_tsc arch_perfmon pebs bts rep_good nopl xtopology nonstop_tsc aperfmperf eagerfpu pni pclmulqdq dtes64 monitor ds_cpl vmx est tm2 ssse3 cx16 xtpr pdcm pcid sse4_1 sse4_2 x2apic popcnt tsc_deadline_timer aes xsave avx f16c rdrand lahf_lm ida arat epb xsaveopt pln pts dtherm tpr_shadow vnmi flexpriority ept vpid fsgsbase smep erms
bogomips	: 4390.28
clflush size	: 64
cache_alignment	: 64
address sizes	: 36 bits physical, 48 bits virtual
power management:

processor	: 7
vendor_id	: GenuineIntel
cpu family	: 6
model		: 58
model name	: Intel(R) Core(TM) i7-3632QM CPU @ 2.20GHz
stepping	: 9
microcode	: 0x15
cpu MHz		: 1200.000
cache size	: 6144 KB
physical id	: 0
siblings	: 8
core id		: 3
cpu cores	: 4
apicid		: 7
initial apicid	: 7
fpu		: yes
fpu_exception	: yes
cpuid level	: 13
wp		: yes
flags		: fpu vme de pse tsc msr pae mce cx8 apic sep mtrr pge mca cmov pat pse36 clflush dts acpi mmx fxsr sse sse2 ss ht tm pbe syscall nx rdtscp lm constant_tsc arch_perfmon pebs bts rep_good nopl xtopology nonstop_tsc aperfmperf eagerfpu pni pclmulqdq dtes64 monitor ds_cpl vmx est tm2 ssse3 cx16 xtpr pdcm pcid sse4_1 sse4_2 x2apic popcnt tsc_deadline_timer aes xsave avx f16c rdrand lahf_lm ida arat epb xsaveopt pln pts dtherm tpr_shadow vnmi flexpriority ept vpid fsgsbase smep erms
bogomips	: 4390.28
clflush size	: 64
cache_alignment	: 64
address sizes	: 36 bits physical, 48 bits virtual
power management:



Memory: 4k page, physical 8056280k(143900k free), swap 0k(0k free)

vm_info: Java HotSpot(TM) 64-Bit Server VM (25.91-b14) for linux-amd64 JRE (1.8.0_91-b14), built on Apr  1 2016 00:57:21 by "java_re" with gcc 4.3.0 20080428 (Red Hat 4.3.0-8)

time: Thu Jul 28 18:24:27 2016
elapsed time: 6 seconds (0d 0h 0m 6s)

